<?xml version="1.0" encoding="UTF-8"?>
<!-- Generated by org.testng.reporters.JUnitReportReporter -->
<testsuite skipped="0" hostname="DESKTOP-RDKF2PL" name="SumValidation" tests="1" failures="0" timestamp="2021-08-09T21:46:18 IST" time="2.589" errors="0">
  <testcase name="sumOfCourses" time="2.589" classname="SumValidation"/>
</testsuite> <!-- SumValidation -->
