<?xml version="1.0" encoding="UTF-8"?>
<!-- Generated by org.testng.reporters.JUnitReportReporter -->
<testsuite skipped="0" hostname="DESKTOP-RDKF2PL" name="files.DynamicJson" tests="3" failures="0" timestamp="2021-08-16T19:06:45 IST" time="10.982" errors="0">
  <testcase name="addBook" time="0.623" classname="files.DynamicJson"/>
  <testcase name="addBook" time="9.851" classname="files.DynamicJson"/>
  <testcase name="addBook" time="0.508" classname="files.DynamicJson"/>
</testsuite> <!-- files.DynamicJson -->
